running develop
running egg_info
creating my_publisher.egg-info
writing my_publisher.egg-info/PKG-INFO
writing dependency_links to my_publisher.egg-info/dependency_links.txt
writing entry points to my_publisher.egg-info/entry_points.txt
writing requirements to my_publisher.egg-info/requires.txt
writing top-level names to my_publisher.egg-info/top_level.txt
writing manifest file 'my_publisher.egg-info/SOURCES.txt'
reading manifest file 'my_publisher.egg-info/SOURCES.txt'
writing manifest file 'my_publisher.egg-info/SOURCES.txt'
running build_ext
Creating /root/ros2_ws/install/my_publisher/lib/python3.10/site-packages/my-publisher.egg-link (link to .)
Installing simple_publisher script to /root/ros2_ws/install/my_publisher/lib/my_publisher

Installed /root/ros2_ws/build/my_publisher
running symlink_data
creating /root/ros2_ws/install/my_publisher/share/ament_index
creating /root/ros2_ws/install/my_publisher/share/ament_index/resource_index
creating /root/ros2_ws/install/my_publisher/share/ament_index/resource_index/packages
symbolically linking /root/ros2_ws/build/my_publisher/resource/my_publisher -> /root/ros2_ws/install/my_publisher/share/ament_index/resource_index/packages
symbolically linking /root/ros2_ws/build/my_publisher/package.xml -> /root/ros2_ws/install/my_publisher/share/my_publisher
